Using pre-set license
Built from '2020.3/staging' branch; Version is '2020.3.13f1 (71691879b7f5) revision 7432472'; Using compiler version '192528614'; Build Type 'Release'
OS: 'Windows 10 Home; OS build 19042.1083; Version 2009; 64bit' Language: 'en' Physical Memory: 14311 MB
BatchMode: 1, IsHumanControllingUs: 0, StartBugReporterOnCrash: 0, Is64bit: 1, IsPro: 0

 COMMAND LINE ARGUMENTS:
C:\Program Files\Unity\Hub\Editor\2020.3.13f1\Editor\Unity.exe
-adb2
-batchMode
-noUpm
-name
AssetImportWorker0
-projectPath
C:/Users/rhy09/OneDrive/바탕 화면/CMD/2021-SV_Study_Game_AmongUs
-logFile
Logs/AssetImportWorker0.log
-srvPort
51106
Successfully changed project path to: C:/Users/rhy09/OneDrive/바탕 화면/CMD/2021-SV_Study_Game_AmongUs
C:/Users/rhy09/OneDrive/바탕 화면/CMD/2021-SV_Study_Game_AmongUs
Using Asset Import Pipeline V2.
Refreshing native plugins compatible for Editor in 85.25 ms, found 3 plugins.
Preloading 0 native plugins for Editor in 0.00 ms.
Initialize engine version: 2020.3.13f1 (71691879b7f5)
[Subsystems] Discovering subsystems at path C:/Program Files/Unity/Hub/Editor/2020.3.13f1/Editor/Data/Resources/UnitySubsystems
[Subsystems] Discovering subsystems at path C:/Users/rhy09/OneDrive/바탕 화면/CMD/2021-SV_Study_Game_AmongUs/Assets
GfxDevice: creating device client; threaded=0
Direct3D:
    Version:  Direct3D 11.0 [level 11.1]
    Renderer: AMD Radeon(TM) Vega 9 Graphics (ID=0x15d8)
    Vendor:   
    VRAM:     7155 MB
    Driver:   26.20.12063.1003
Initialize mono
Mono path[0] = 'C:/Program Files/Unity/Hub/Editor/2020.3.13f1/Editor/Data/Managed'
Mono path[1] = 'C:/Program Files/Unity/Hub/Editor/2020.3.13f1/Editor/Data/MonoBleedingEdge/lib/mono/unityjit'
Mono config path = 'C:/Program Files/Unity/Hub/Editor/2020.3.13f1/Editor/Data/MonoBleedingEdge/etc'
Using monoOptions --debugger-agent=transport=dt_socket,embedding=1,server=y,suspend=n,address=127.0.0.1:56932
Begin MonoManager ReloadAssembly
Registering precompiled unity dll's ...
Register platform support module: C:/Program Files/Unity/Hub/Editor/2020.3.13f1/Editor/Data/PlaybackEngines/WebGLSupport/UnityEditor.WebGL.Extensions.dll
Register platform support module: C:/Program Files/Unity/Hub/Editor/2020.3.13f1/Editor/Data/PlaybackEngines/WindowsStandaloneSupport/UnityEditor.WindowsStandalone.Extensions.dll
Registered in 0.005707 seconds.
Native extension for WindowsStandalone target not found
Native extension for WebGL target not found
Refreshing native plugins compatible for Editor in 77.18 ms, found 3 plugins.
Preloading 0 native plugins for Editor in 0.00 ms.
Mono: successfully reloaded assembly
- Completed reload, in  2.486 seconds
Platform modules already initialized, skipping
Registering precompiled user dll's ...
Registered in 0.009694 seconds.
Begin MonoManager ReloadAssembly
Native extension for WindowsStandalone target not found
Native extension for WebGL target not found
Refreshing native plugins compatible for Editor in 119.24 ms, found 3 plugins.
Preloading 0 native plugins for Editor in 0.00 ms.
Mono: successfully reloaded assembly
- Completed reload, in  2.837 seconds
Platform modules already initialized, skipping
========================================================================
Worker process is ready to serve import requests
Launched and connected shader compiler UnityShaderCompiler.exe after 0.10 seconds
Refreshing native plugins compatible for Editor in 1.03 ms, found 3 plugins.
Preloading 0 native plugins for Editor in 0.00 ms.
Unloading 2084 Unused Serialized files (Serialized files now loaded: 0)
System memory in use before: 92.9 MB.
System memory in use after: 92.8 MB.

Unloading 33 unused Assets to reduce memory usage. Loaded Objects now: 2517.
Total: 4.832000 ms (FindLiveObjects: 0.305700 ms CreateObjectMapping: 0.103800 ms MarkObjects: 4.203700 ms  DeleteObjects: 0.215900 ms)

AssetImportParameters requested are different than current active one (requested -> active):
  custom:framework-win-MediaFoundation: 216162199b28c13a410421893ffa2e32 -> 
  custom:video-decoder-ogg-theora: a1e56fd34408186e4bbccfd4996cb3dc -> 
  custom:container-muxer-webm: aa71ff27fc2769a1b78a27578f13a17b -> 
  custom:container-demuxer-webm: 4f35f7cbe854078d1ac9338744f61a02 -> 
  custom:container-demuxer-ogg: 62fdf1f143b41e24485cea50d1cbac27 -> 
  custom:video-encoder-webm-vp8: eb34c28f22e8b96e1ab97ce403110664 -> 
  custom:video-codec-MediaFoundation-h265: 746d11721c4dcdbdad8f713fa42b33f4 -> 
  custom:video-decoder-webm-vp8: 9c59270c3fd7afecdb556c50c9e8de78 -> 
  custom:audio-decoder-ogg-vorbis: bf7c407c2cedff20999df2af8eb42d56 -> 
  custom:audio-encoder-webm-vorbis: bf7c407c2cedff20999df2af8eb42d56 -> 
========================================================================
Received Import Request.
  path: Assets/Sprites
  artifactKey: Guid(7f29b374892e9ba4f938d76ca1ee3048) Importer(815301076,1909f56bfc062723c751e8b465ee728b)
Start importing Assets/Sprites using Guid(7f29b374892e9ba4f938d76ca1ee3048) Importer(815301076,1909f56bfc062723c751e8b465ee728b)  -> (artifact id: '9104f405e4bc965c8746083792b1fd4f') in 0.019464 seconds 
  Import took 0.027662 seconds .

========================================================================
Received Import Request.
  Time since last request: 8.331398 seconds.
  path: Assets/Sprites/Sprite_Player.png
  artifactKey: Guid(8cc2345d24add84428819219758b0966) Importer(815301076,1909f56bfc062723c751e8b465ee728b)
Start importing Assets/Sprites/Sprite_Player.png using Guid(8cc2345d24add84428819219758b0966) Importer(815301076,1909f56bfc062723c751e8b465ee728b)  -> (artifact id: '3d79e728d344b291d6ad2b7cf0d849a6') in 0.181505 seconds 
  Import took 0.188641 seconds .

========================================================================
Received Import Request.
  Time since last request: 2.255466 seconds.
  path: Assets/Sprites/Sprite_Pets_Brain Slug.png
  artifactKey: Guid(79cb4fd076fe4b94682f91b6281bbaec) Importer(815301076,1909f56bfc062723c751e8b465ee728b)
Start importing Assets/Sprites/Sprite_Pets_Brain Slug.png using Guid(79cb4fd076fe4b94682f91b6281bbaec) Importer(815301076,1909f56bfc062723c751e8b465ee728b)  -> (artifact id: '71d3cf4773e81dfa23811c80408fd516') in 0.036059 seconds 
  Import took 0.043108 seconds .

========================================================================
Received Import Request.
  Time since last request: 10.699249 seconds.
  path: Assets/Sprites/Sprite_Player.png
  artifactKey: Guid(8cc2345d24add84428819219758b0966) Importer(815301076,1909f56bfc062723c751e8b465ee728b)
Start importing Assets/Sprites/Sprite_Player.png using Guid(8cc2345d24add84428819219758b0966) Importer(815301076,1909f56bfc062723c751e8b465ee728b)  -> (artifact id: 'c1c185f8b6407cdf0d89b5f945dd7ffa') in 0.024103 seconds 
  Import took 0.032828 seconds .

========================================================================
Received Import Request.
  Time since last request: 154.963334 seconds.
  path: Assets/Sprites/Sprite_Player.png
  artifactKey: Guid(8cc2345d24add84428819219758b0966) Importer(815301076,1909f56bfc062723c751e8b465ee728b)
Start importing Assets/Sprites/Sprite_Player.png using Guid(8cc2345d24add84428819219758b0966) Importer(815301076,1909f56bfc062723c751e8b465ee728b)  -> (artifact id: '5a0f55f861a5dcee9d12e96c2b2ae80c') in 0.104264 seconds 
  Import took 0.119427 seconds .

========================================================================
Received Import Request.
  Time since last request: 81.073800 seconds.
  path: Assets/Sprites/Sprite_Pets_Brain Slug.png
  artifactKey: Guid(79cb4fd076fe4b94682f91b6281bbaec) Importer(815301076,1909f56bfc062723c751e8b465ee728b)
Start importing Assets/Sprites/Sprite_Pets_Brain Slug.png using Guid(79cb4fd076fe4b94682f91b6281bbaec) Importer(815301076,1909f56bfc062723c751e8b465ee728b)  -> (artifact id: 'f637259e31329605d47a04db47edc036') in 0.022912 seconds 
  Import took 0.028331 seconds .

========================================================================
Received Import Request.
  Time since last request: 71.834199 seconds.
  path: Assets/Sprites/Sprite_Pets_Henry Stickmin.png
  artifactKey: Guid(43279c7f907f0dc469b183c69bd8861d) Importer(815301076,1909f56bfc062723c751e8b465ee728b)
Start importing Assets/Sprites/Sprite_Pets_Henry Stickmin.png using Guid(43279c7f907f0dc469b183c69bd8861d) Importer(815301076,1909f56bfc062723c751e8b465ee728b)  -> (artifact id: '49f35e171e0f69ed9a8e1a8062550246') in 0.028927 seconds 
  Import took 0.033693 seconds .

========================================================================
Received Import Request.
  Time since last request: 10.312741 seconds.
  path: Assets/Sprites/Sprite_Pets_Henry Stickmin.png
  artifactKey: Guid(43279c7f907f0dc469b183c69bd8861d) Importer(815301076,1909f56bfc062723c751e8b465ee728b)
Start importing Assets/Sprites/Sprite_Pets_Henry Stickmin.png using Guid(43279c7f907f0dc469b183c69bd8861d) Importer(815301076,1909f56bfc062723c751e8b465ee728b)  -> (artifact id: 'cc53d1e2f6f69b15907b6b0e9edb80b1') in 0.019706 seconds 
  Import took 0.025009 seconds .

========================================================================
Received Import Request.
  Time since last request: 131.888254 seconds.
  path: Assets/Sprites/idle.png
  artifactKey: Guid(a74cdd7a5c3bf3645ace278c89b3db8f) Importer(815301076,1909f56bfc062723c751e8b465ee728b)
Start importing Assets/Sprites/idle.png using Guid(a74cdd7a5c3bf3645ace278c89b3db8f) Importer(815301076,1909f56bfc062723c751e8b465ee728b)  -> (artifact id: 'c44d6221a660c3b255c747ed9f43bd09') in 0.025620 seconds 
  Import took 0.030090 seconds .

========================================================================
Received Import Request.
  Time since last request: 0.000514 seconds.
  path: Assets/Sprites/idle.png
  artifactKey: Guid(a74cdd7a5c3bf3645ace278c89b3db8f) Importer(815301076,1909f56bfc062723c751e8b465ee728b)
Start importing Assets/Sprites/idle.png using Guid(a74cdd7a5c3bf3645ace278c89b3db8f) Importer(815301076,1909f56bfc062723c751e8b465ee728b)  -> (artifact id: 'c44d6221a660c3b255c747ed9f43bd09') in 0.019907 seconds 
  Import took 0.024814 seconds .

========================================================================
Received Import Request.
  Time since last request: 150.170704 seconds.
  path: Assets/Sprites/Sprite_Player_Old.png
  artifactKey: Guid(f7631727bea57d94e83f132f091ab67f) Importer(815301076,1909f56bfc062723c751e8b465ee728b)
Start importing Assets/Sprites/Sprite_Player_Old.png using Guid(f7631727bea57d94e83f132f091ab67f) Importer(815301076,1909f56bfc062723c751e8b465ee728b)  -> (artifact id: '4ccd1d90bb176e4cc75a35bcd8346583') in 0.074975 seconds 
  Import took 0.080318 seconds .

========================================================================
Received Import Request.
  Time since last request: 10.631534 seconds.
  path: Assets/Sprites/Sprite_Player_Old.png
  artifactKey: Guid(f7631727bea57d94e83f132f091ab67f) Importer(815301076,1909f56bfc062723c751e8b465ee728b)
Start importing Assets/Sprites/Sprite_Player_Old.png using Guid(f7631727bea57d94e83f132f091ab67f) Importer(815301076,1909f56bfc062723c751e8b465ee728b)  -> (artifact id: '01f95c0baa66927d2438e78f29f9b764') in 0.024433 seconds 
  Import took 0.029600 seconds .

========================================================================
Received Import Request.
  Time since last request: 190.826231 seconds.
  path: Assets/Sprites/walkcolor0001.png
  artifactKey: Guid(a0c3296440e527a4aa9ff02d73e3b69e) Importer(815301076,1909f56bfc062723c751e8b465ee728b)
Start importing Assets/Sprites/walkcolor0001.png using Guid(a0c3296440e527a4aa9ff02d73e3b69e) Importer(815301076,1909f56bfc062723c751e8b465ee728b)  -> (artifact id: '510de47dd4cb2ae5ed27f5b6f25a9852') in 0.037945 seconds 
  Import took 0.044277 seconds .

========================================================================
Received Import Request.
  Time since last request: 0.000345 seconds.
  path: Assets/Sprites/walkcolor0010.png
  artifactKey: Guid(08a46688440437c4a869cdb9cc4d8ec3) Importer(815301076,1909f56bfc062723c751e8b465ee728b)
Start importing Assets/Sprites/walkcolor0010.png using Guid(08a46688440437c4a869cdb9cc4d8ec3) Importer(815301076,1909f56bfc062723c751e8b465ee728b)  -> (artifact id: '8600dc3fe6dc162f5beef4d97710a2f4') in 0.029186 seconds 
  Import took 0.035529 seconds .

========================================================================
Received Import Request.
  Time since last request: 0.000454 seconds.
  path: Assets/Sprites/walkcolor0007.png
  artifactKey: Guid(42980188031649d4d8d219a5724af4e3) Importer(815301076,1909f56bfc062723c751e8b465ee728b)
Start importing Assets/Sprites/walkcolor0007.png using Guid(42980188031649d4d8d219a5724af4e3) Importer(815301076,1909f56bfc062723c751e8b465ee728b)  -> (artifact id: '64023ee3396305fee12ab8b22fa59bc0') in 0.035917 seconds 
  Import took 0.043175 seconds .

========================================================================
Received Import Request.
  Time since last request: 0.000371 seconds.
  path: Assets/Sprites/walkcolor0009.png
  artifactKey: Guid(e51ef2704542171459c444084005c4ad) Importer(815301076,1909f56bfc062723c751e8b465ee728b)
Start importing Assets/Sprites/walkcolor0009.png using Guid(e51ef2704542171459c444084005c4ad) Importer(815301076,1909f56bfc062723c751e8b465ee728b)  -> (artifact id: '6e58b8a1e4409f5986538094ddcde0e7') in 0.042888 seconds 
  Import took 0.051105 seconds .

========================================================================
Received Import Request.
  Time since last request: 0.000514 seconds.
  path: Assets/Sprites/walkcolor0012.png
  artifactKey: Guid(d85680fd81f334d44a9379027de32457) Importer(815301076,1909f56bfc062723c751e8b465ee728b)
Start importing Assets/Sprites/walkcolor0012.png using Guid(d85680fd81f334d44a9379027de32457) Importer(815301076,1909f56bfc062723c751e8b465ee728b)  -> (artifact id: '2099e57035354dc100bfa2b21abcba52') in 0.029163 seconds 
  Import took 0.035489 seconds .

========================================================================
Received Import Request.
  Time since last request: 0.000384 seconds.
  path: Assets/Sprites/walkcolor0011.png
  artifactKey: Guid(9ee20c1903cbd314784a822c1451b41b) Importer(815301076,1909f56bfc062723c751e8b465ee728b)
Start importing Assets/Sprites/walkcolor0011.png using Guid(9ee20c1903cbd314784a822c1451b41b) Importer(815301076,1909f56bfc062723c751e8b465ee728b)  -> (artifact id: '812b7c206c610e4ac4b252829aebb311') in 0.028489 seconds 
  Import took 0.035061 seconds .

========================================================================
Received Import Request.
  Time since last request: 0.001237 seconds.
  path: Assets/Sprites/walkcolor0004.png
  artifactKey: Guid(d58a925396f5ed246bef501f91eb4952) Importer(815301076,1909f56bfc062723c751e8b465ee728b)
Start importing Assets/Sprites/walkcolor0004.png using Guid(d58a925396f5ed246bef501f91eb4952) Importer(815301076,1909f56bfc062723c751e8b465ee728b)  -> (artifact id: 'c4a942744f86f7dce1e6ebcaa3868af3') in 0.030864 seconds 
  Import took 0.038327 seconds .

========================================================================
Received Import Request.
  Time since last request: 0.000540 seconds.
  path: Assets/Sprites/walkcolor0005.png
  artifactKey: Guid(ae86c526495841742940554b757caa5a) Importer(815301076,1909f56bfc062723c751e8b465ee728b)
Start importing Assets/Sprites/walkcolor0005.png using Guid(ae86c526495841742940554b757caa5a) Importer(815301076,1909f56bfc062723c751e8b465ee728b)  -> (artifact id: '5c913742bf4e47ddc08c7ae5f881bae4') in 0.031754 seconds 
  Import took 0.039176 seconds .

========================================================================
Received Import Request.
  Time since last request: 0.000402 seconds.
  path: Assets/Sprites/walkcolor0002.png
  artifactKey: Guid(123e0a249193c6345b7ea0617ee365ea) Importer(815301076,1909f56bfc062723c751e8b465ee728b)
Start importing Assets/Sprites/walkcolor0002.png using Guid(123e0a249193c6345b7ea0617ee365ea) Importer(815301076,1909f56bfc062723c751e8b465ee728b)  -> (artifact id: 'f132fa2a907eb8eb88394d59d290632b') in 0.030331 seconds 
  Import took 0.035748 seconds .

========================================================================
Received Import Request.
  Time since last request: 0.000372 seconds.
  path: Assets/Sprites/walkcolor0003.png
  artifactKey: Guid(6d46b1e5ca5fc4a43b7b8a1e28221aa7) Importer(815301076,1909f56bfc062723c751e8b465ee728b)
Start importing Assets/Sprites/walkcolor0003.png using Guid(6d46b1e5ca5fc4a43b7b8a1e28221aa7) Importer(815301076,1909f56bfc062723c751e8b465ee728b)  -> (artifact id: '481b6222fdfaf5ea857a056fb2ee62d1') in 0.024871 seconds 
  Import took 0.030356 seconds .

========================================================================
Received Import Request.
  Time since last request: 0.000298 seconds.
  path: Assets/Sprites/walkcolor0001.png
  artifactKey: Guid(a0c3296440e527a4aa9ff02d73e3b69e) Importer(815301076,1909f56bfc062723c751e8b465ee728b)
Start importing Assets/Sprites/walkcolor0001.png using Guid(a0c3296440e527a4aa9ff02d73e3b69e) Importer(815301076,1909f56bfc062723c751e8b465ee728b)  -> (artifact id: '510de47dd4cb2ae5ed27f5b6f25a9852') in 0.027218 seconds 
  Import took 0.032442 seconds .

========================================================================
Received Import Request.
  Time since last request: 0.000442 seconds.
  path: Assets/Sprites/walkcolor0008.png
  artifactKey: Guid(0d8a481f3efb24042afad330a14f8b0d) Importer(815301076,1909f56bfc062723c751e8b465ee728b)
Start importing Assets/Sprites/walkcolor0008.png using Guid(0d8a481f3efb24042afad330a14f8b0d) Importer(815301076,1909f56bfc062723c751e8b465ee728b)  -> (artifact id: '2157702f83bc0d485bab047b4f4511e7') in 0.034460 seconds 
  Import took 0.041102 seconds .

========================================================================
Received Import Request.
  Time since last request: 0.000297 seconds.
  path: Assets/Sprites/walkcolor0006.png
  artifactKey: Guid(b01ac623b8c012e4c852c65bb371cf13) Importer(815301076,1909f56bfc062723c751e8b465ee728b)
Start importing Assets/Sprites/walkcolor0006.png using Guid(b01ac623b8c012e4c852c65bb371cf13) Importer(815301076,1909f56bfc062723c751e8b465ee728b)  -> (artifact id: '55fe4e899ddf38fc87eb39fdb2bb37a1') in 0.024667 seconds 
  Import took 0.030028 seconds .

========================================================================
Received Import Request.
  Time since last request: 886.948405 seconds.
  path: Assets/Sprites/Sprite_Pets_Glitch Pet.png
  artifactKey: Guid(9607f2be60c8d5f4c9927f34924e11c8) Importer(815301076,1909f56bfc062723c751e8b465ee728b)
Start importing Assets/Sprites/Sprite_Pets_Glitch Pet.png using Guid(9607f2be60c8d5f4c9927f34924e11c8) Importer(815301076,1909f56bfc062723c751e8b465ee728b)  -> (artifact id: '791154d76af570674dce711cc5569544') in 0.026046 seconds 
  Import took 0.032471 seconds .

========================================================================
Received Import Request.
  Time since last request: 5.829882 seconds.
  path: Assets/Sprites/Sprite_Pets_Glitch Pet.png
  artifactKey: Guid(9607f2be60c8d5f4c9927f34924e11c8) Importer(815301076,1909f56bfc062723c751e8b465ee728b)
Start importing Assets/Sprites/Sprite_Pets_Glitch Pet.png using Guid(9607f2be60c8d5f4c9927f34924e11c8) Importer(815301076,1909f56bfc062723c751e8b465ee728b)  -> (artifact id: 'c5b7765374f683ed0b3c26a7bb9c6cba') in 0.014893 seconds 
  Import took 0.019845 seconds .

========================================================================
Received Import Request.
  Time since last request: 10.242596 seconds.
  path: Assets/Sprites/Sprite_Pets_Glitch Pet.png
  artifactKey: Guid(9607f2be60c8d5f4c9927f34924e11c8) Importer(815301076,1909f56bfc062723c751e8b465ee728b)
Start importing Assets/Sprites/Sprite_Pets_Glitch Pet.png using Guid(9607f2be60c8d5f4c9927f34924e11c8) Importer(815301076,1909f56bfc062723c751e8b465ee728b)  -> (artifact id: 'b3a04ac493324aa376e532daa2226ee6') in 0.079444 seconds 
  Import took 0.084446 seconds .

========================================================================
Received Import Request.
  Time since last request: 98.552850 seconds.
  path: Assets/Sprites/Sprite_Pets_Glitch Pet 1.png
  artifactKey: Guid(0e3511d5cc6101f4693bcfa297afd288) Importer(815301076,1909f56bfc062723c751e8b465ee728b)
Start importing Assets/Sprites/Sprite_Pets_Glitch Pet 1.png using Guid(0e3511d5cc6101f4693bcfa297afd288) Importer(815301076,1909f56bfc062723c751e8b465ee728b)  -> (artifact id: '03229140943ecf5f679a55856d55b3f2') in 0.021145 seconds 
  Import took 0.026136 seconds .

========================================================================
Received Import Request.
  Time since last request: 13.963904 seconds.
  path: Assets/Sprites/Sprite_Pets_Glitch Pet 1.png
  artifactKey: Guid(0e3511d5cc6101f4693bcfa297afd288) Importer(815301076,1909f56bfc062723c751e8b465ee728b)
Start importing Assets/Sprites/Sprite_Pets_Glitch Pet 1.png using Guid(0e3511d5cc6101f4693bcfa297afd288) Importer(815301076,1909f56bfc062723c751e8b465ee728b)  -> (artifact id: '6fae20b0279920dff09b215b51aa4740') in 0.016392 seconds 
  Import took 0.022023 seconds .

========================================================================
Received Import Request.
  Time since last request: 9.313555 seconds.
  path: Assets/Sprites/Sprite_Pets_Glitch Pet 1.png
  artifactKey: Guid(0e3511d5cc6101f4693bcfa297afd288) Importer(815301076,1909f56bfc062723c751e8b465ee728b)
Start importing Assets/Sprites/Sprite_Pets_Glitch Pet 1.png using Guid(0e3511d5cc6101f4693bcfa297afd288) Importer(815301076,1909f56bfc062723c751e8b465ee728b)  -> (artifact id: 'd9f1905c9ea71297f9ea98de32b470c5') in 0.102974 seconds 
  Import took 0.108832 seconds .

========================================================================
Received Import Request.
  Time since last request: 48.248024 seconds.
  path: Assets
  artifactKey: Guid(00000000000000001000000000000000) Importer(815301076,1909f56bfc062723c751e8b465ee728b)
Start importing Assets using Guid(00000000000000001000000000000000) Importer(815301076,1909f56bfc062723c751e8b465ee728b)  -> (artifact id: '42d402b061de3733987d63b9cc3b64de') in 0.008784 seconds 
  Import took 0.021354 seconds .

========================================================================
Received Import Request.
  Time since last request: 4.505416 seconds.
  path: Assets/Prefabs
  artifactKey: Guid(c88f3ab8f93197144adcfa6ba6a6acd4) Importer(815301076,1909f56bfc062723c751e8b465ee728b)
Start importing Assets/Prefabs using Guid(c88f3ab8f93197144adcfa6ba6a6acd4) Importer(815301076,1909f56bfc062723c751e8b465ee728b)  -> (artifact id: 'd5fae0e08e7ee31869bf040743a2ece7') in 0.012835 seconds 
  Import took 0.023772 seconds .

========================================================================
Received Import Request.
  Time since last request: 37.747912 seconds.
  path: Assets/Prefabs/Player.prefab
  artifactKey: Guid(dd485ffb2b11ed1479de469a499d62ae) Importer(815301076,1909f56bfc062723c751e8b465ee728b)
Start importing Assets/Prefabs/Player.prefab using Guid(dd485ffb2b11ed1479de469a499d62ae) Importer(815301076,1909f56bfc062723c751e8b465ee728b)  -> (artifact id: '736fe10b953eb8ac61f9d100a97786e0') in 0.087271 seconds 
  Import took 0.095702 seconds .

========================================================================
Received Import Request.
  Time since last request: 0.003024 seconds.
  path: Assets/Prefabs/Player.prefab
  artifactKey: Guid(dd485ffb2b11ed1479de469a499d62ae) Importer(815301076,1909f56bfc062723c751e8b465ee728b)
Start importing Assets/Prefabs/Player.prefab using Guid(dd485ffb2b11ed1479de469a499d62ae) Importer(815301076,1909f56bfc062723c751e8b465ee728b)  -> (artifact id: '736fe10b953eb8ac61f9d100a97786e0') in 0.037697 seconds 
  Import took 0.045596 seconds .

========================================================================
Received Import Request.
  Time since last request: 85.089338 seconds.
  path: Assets/Prefabs/Glitch Pet.prefab
  artifactKey: Guid(f05ce4e3f8108bd46ae080133bfaa84b) Importer(815301076,1909f56bfc062723c751e8b465ee728b)
Start importing Assets/Prefabs/Glitch Pet.prefab using Guid(f05ce4e3f8108bd46ae080133bfaa84b) Importer(815301076,1909f56bfc062723c751e8b465ee728b)  -> (artifact id: 'eb8dac65e0dd15f6c42a08ad8ef83624') in 0.028775 seconds 
  Import took 0.034961 seconds .

========================================================================
Received Import Request.
  Time since last request: 356.984817 seconds.
  path: Assets/Sprites/Sprite_Pets_Mini Crewmate.png
  artifactKey: Guid(190bacc22d9badf41bc982605f54172b) Importer(815301076,1909f56bfc062723c751e8b465ee728b)
Start importing Assets/Sprites/Sprite_Pets_Mini Crewmate.png using Guid(190bacc22d9badf41bc982605f54172b) Importer(815301076,1909f56bfc062723c751e8b465ee728b)  -> (artifact id: '84c1de2b3542d3ecb19a5eb158b1f117') in 0.027650 seconds 
  Import took 0.032774 seconds .

========================================================================
Received Import Request.
  Time since last request: 0.002521 seconds.
  path: Assets/Sprites/Sprite_Pets_Mini Crewmate.png
  artifactKey: Guid(190bacc22d9badf41bc982605f54172b) Importer(815301076,1909f56bfc062723c751e8b465ee728b)
Start importing Assets/Sprites/Sprite_Pets_Mini Crewmate.png using Guid(190bacc22d9badf41bc982605f54172b) Importer(815301076,1909f56bfc062723c751e8b465ee728b)  -> (artifact id: '84c1de2b3542d3ecb19a5eb158b1f117') in 0.034482 seconds 
  Import took 0.038653 seconds .

========================================================================
Received Import Request.
  Time since last request: 6.229704 seconds.
  path: Assets/Sprites/Sprite_Pets_Mini Crewmate.png
  artifactKey: Guid(190bacc22d9badf41bc982605f54172b) Importer(815301076,1909f56bfc062723c751e8b465ee728b)
Start importing Assets/Sprites/Sprite_Pets_Mini Crewmate.png using Guid(190bacc22d9badf41bc982605f54172b) Importer(815301076,1909f56bfc062723c751e8b465ee728b)  -> (artifact id: 'a9e66e908b5e91dfa21755215eac3fde') in 0.021845 seconds 
  Import took 0.027197 seconds .

========================================================================
Received Import Request.
  Time since last request: 4.547434 seconds.
  path: Assets/Sprites/Sprite_Pets_Mini Crewmate.png
  artifactKey: Guid(190bacc22d9badf41bc982605f54172b) Importer(815301076,1909f56bfc062723c751e8b465ee728b)
Start importing Assets/Sprites/Sprite_Pets_Mini Crewmate.png using Guid(190bacc22d9badf41bc982605f54172b) Importer(815301076,1909f56bfc062723c751e8b465ee728b)  -> (artifact id: 'd3cc0820dc03eacfabd877fdd4a75a9f') in 0.078477 seconds 
  Import took 0.083567 seconds .

========================================================================
Received Import Request.
  Time since last request: 31.362222 seconds.
  path: Assets/Prefabs/Mini Crewmate.prefab
  artifactKey: Guid(46f691b26e6df4542b614f2dcedf1637) Importer(815301076,1909f56bfc062723c751e8b465ee728b)
Start importing Assets/Prefabs/Mini Crewmate.prefab using Guid(46f691b26e6df4542b614f2dcedf1637) Importer(815301076,1909f56bfc062723c751e8b465ee728b)  -> (artifact id: '6d1b2dacc713b7578cbe9cf1163e666e') in 0.023547 seconds 
  Import took 0.028434 seconds .

AssetImportWorkerClient::OnTransportError - code=2 error=End of file
